0,000 p0 messages e s p0 p1 ARE_YOU_ALIVE null
0,000 p0 messages e s p0 p2 ARE_YOU_ALIVE null
0,000 p0 messages e s p0 p4 ARE_YOU_ALIVE null
0,000 p1 messages e s p1 p0 ARE_YOU_ALIVE null
0,000 p1 messages e s p1 p3 ARE_YOU_ALIVE null
0,000 p1 messages e s p1 p5 ARE_YOU_ALIVE null
0,000 p2 messages e s p2 p3 ARE_YOU_ALIVE null
0,000 p2 messages e s p2 p0 ARE_YOU_ALIVE null
0,000 p2 messages e s p2 p6 ARE_YOU_ALIVE null
0,000 p3 messages e s p3 p2 ARE_YOU_ALIVE null
0,000 p3 messages e s p3 p1 ARE_YOU_ALIVE null
0,000 p3 messages e s p3 p7 ARE_YOU_ALIVE null
0,000 p4 messages e s p4 p5 ARE_YOU_ALIVE null
0,000 p4 messages e s p4 p6 ARE_YOU_ALIVE null
0,000 p4 messages e s p4 p0 ARE_YOU_ALIVE null
0,000 p5 messages e s p5 p4 ARE_YOU_ALIVE null
0,000 p5 messages e s p5 p7 ARE_YOU_ALIVE null
0,000 p5 messages e s p5 p1 ARE_YOU_ALIVE null
0,000 p6 messages e s p6 p7 ARE_YOU_ALIVE null
0,000 p6 messages e s p6 p4 ARE_YOU_ALIVE null
0,000 p6 messages e s p6 p2 ARE_YOU_ALIVE null
0,000 p7 messages e s p7 p6 ARE_YOU_ALIVE null
0,000 p7 messages e s p7 p5 ARE_YOU_ALIVE null
0,000 p7 messages e s p7 p3 ARE_YOU_ALIVE null
1,000 p1 messages e r p0 p1 ARE_YOU_ALIVE null
1,000 p1 messages e s p1 p0 I_AM_ALIVE [0,0,-1,-1,-1,-1,-1,-1]
1,000 p2 messages e r p0 p2 ARE_YOU_ALIVE null
1,000 p2 messages e s p2 p0 I_AM_ALIVE [0,-1,0,-1,-1,-1,-1,-1]
1,000 p4 messages e r p0 p4 ARE_YOU_ALIVE null
1,000 p4 messages e s p4 p0 I_AM_ALIVE [0,-1,-1,-1,0,-1,-1,-1]
1,000 p0 messages e r p1 p0 ARE_YOU_ALIVE null
1,000 p0 messages e s p0 p1 I_AM_ALIVE [0,0,-1,-1,-1,-1,-1,-1]
1,000 p3 messages e r p1 p3 ARE_YOU_ALIVE null
1,000 p3 messages e s p3 p1 I_AM_ALIVE [-1,0,-1,0,-1,-1,-1,-1]
1,000 p5 messages e r p1 p5 ARE_YOU_ALIVE null
1,000 p5 messages e s p5 p1 I_AM_ALIVE [-1,0,-1,-1,-1,0,-1,-1]
1,000 p3 messages e r p2 p3 ARE_YOU_ALIVE null
1,000 p3 messages e s p3 p2 I_AM_ALIVE [-1,0,0,0,-1,-1,-1,-1]
1,000 p0 messages e r p2 p0 ARE_YOU_ALIVE null
1,000 p0 messages e s p0 p2 I_AM_ALIVE [0,0,0,-1,-1,-1,-1,-1]
1,000 p6 messages e r p2 p6 ARE_YOU_ALIVE null
1,000 p6 messages e s p6 p2 I_AM_ALIVE [-1,-1,0,-1,-1,-1,0,-1]
1,000 p2 messages e r p3 p2 ARE_YOU_ALIVE null
1,000 p2 messages e s p2 p3 I_AM_ALIVE [0,-1,0,0,-1,-1,-1,-1]
1,000 p1 messages e r p3 p1 ARE_YOU_ALIVE null
1,000 p1 messages e s p1 p3 I_AM_ALIVE [0,0,-1,0,-1,-1,-1,-1]
1,000 p7 messages e r p3 p7 ARE_YOU_ALIVE null
1,000 p7 messages e s p7 p3 I_AM_ALIVE [-1,-1,-1,0,-1,-1,-1,0]
1,000 p5 messages e r p4 p5 ARE_YOU_ALIVE null
1,000 p5 messages e s p5 p4 I_AM_ALIVE [-1,0,-1,-1,0,0,-1,-1]
1,000 p6 messages e r p4 p6 ARE_YOU_ALIVE null
1,000 p6 messages e s p6 p4 I_AM_ALIVE [-1,-1,0,-1,0,-1,0,-1]
1,000 p0 messages e r p4 p0 ARE_YOU_ALIVE null
1,000 p0 messages e s p0 p4 I_AM_ALIVE [0,0,0,-1,0,-1,-1,-1]
1,000 p4 messages e r p5 p4 ARE_YOU_ALIVE null
1,000 p4 messages e s p4 p5 I_AM_ALIVE [0,-1,-1,-1,0,0,-1,-1]
1,000 p7 messages e r p5 p7 ARE_YOU_ALIVE null
1,000 p7 messages e s p7 p5 I_AM_ALIVE [-1,-1,-1,0,-1,0,-1,0]
1,000 p1 messages e r p5 p1 ARE_YOU_ALIVE null
1,000 p1 messages e s p1 p5 I_AM_ALIVE [0,0,-1,0,-1,0,-1,-1]
1,000 p7 messages e r p6 p7 ARE_YOU_ALIVE null
1,000 p7 messages e s p7 p6 I_AM_ALIVE [-1,-1,-1,0,-1,0,0,0]
1,000 p4 messages e r p6 p4 ARE_YOU_ALIVE null
1,000 p4 messages e s p4 p6 I_AM_ALIVE [0,-1,-1,-1,0,0,0,-1]
1,000 p2 messages e r p6 p2 ARE_YOU_ALIVE null
1,000 p2 messages e s p2 p6 I_AM_ALIVE [0,-1,0,0,-1,-1,0,-1]
1,000 p6 messages e r p7 p6 ARE_YOU_ALIVE null
1,000 p6 messages e s p6 p7 I_AM_ALIVE [-1,-1,0,-1,0,-1,0,0]
1,000 p5 messages e r p7 p5 ARE_YOU_ALIVE null
1,000 p5 messages e s p5 p7 I_AM_ALIVE [-1,0,-1,-1,0,0,-1,0]
1,000 p3 messages e r p7 p3 ARE_YOU_ALIVE null
1,000 p3 messages e s p3 p7 I_AM_ALIVE [-1,0,0,0,-1,-1,-1,0]
2,000 p0 messages e r p1 p0 I_AM_ALIVE [0,0,-1,-1,-1,-1,-1,-1]
2,000 p0 messages e r p2 p0 I_AM_ALIVE [0,-1,0,-1,-1,-1,-1,-1]
2,000 p0 messages e r p4 p0 I_AM_ALIVE [0,-1,-1,-1,0,-1,-1,-1]
2,000 p1 messages e r p0 p1 I_AM_ALIVE [0,0,-1,-1,-1,-1,-1,-1]
2,000 p1 messages e r p3 p1 I_AM_ALIVE [-1,0,-1,0,-1,-1,-1,-1]
2,000 p1 messages e r p5 p1 I_AM_ALIVE [-1,0,-1,-1,-1,0,-1,-1]
2,000 p2 messages e r p3 p2 I_AM_ALIVE [-1,0,0,0,-1,-1,-1,-1]
2,000 p2 messages e r p0 p2 I_AM_ALIVE [0,0,0,-1,-1,-1,-1,-1]
2,000 p2 messages e r p6 p2 I_AM_ALIVE [-1,-1,0,-1,-1,-1,0,-1]
2,000 p3 messages e r p2 p3 I_AM_ALIVE [0,-1,0,0,-1,-1,-1,-1]
2,000 p3 messages e r p1 p3 I_AM_ALIVE [0,0,-1,0,-1,-1,-1,-1]
2,000 p3 messages e r p7 p3 I_AM_ALIVE [-1,-1,-1,0,-1,-1,-1,0]
2,000 p4 messages e r p5 p4 I_AM_ALIVE [-1,0,-1,-1,0,0,-1,-1]
2,000 p4 messages e r p6 p4 I_AM_ALIVE [-1,-1,0,-1,0,-1,0,-1]
2,000 p4 messages e r p0 p4 I_AM_ALIVE [0,0,0,-1,0,-1,-1,-1]
2,000 p5 messages e r p4 p5 I_AM_ALIVE [0,-1,-1,-1,0,0,-1,-1]
2,000 p5 messages e r p7 p5 I_AM_ALIVE [-1,-1,-1,0,-1,0,-1,0]
2,000 p5 messages e r p1 p5 I_AM_ALIVE [0,0,-1,0,-1,0,-1,-1]
2,000 p6 messages e r p7 p6 I_AM_ALIVE [-1,-1,-1,0,-1,0,0,0]
2,000 p6 messages e r p4 p6 I_AM_ALIVE [0,-1,-1,-1,0,0,0,-1]
2,000 p6 messages e r p2 p6 I_AM_ALIVE [0,-1,0,0,-1,-1,0,-1]
2,000 p7 messages e r p6 p7 I_AM_ALIVE [-1,-1,0,-1,0,-1,0,0]
2,000 p7 messages e r p5 p7 I_AM_ALIVE [-1,0,-1,-1,0,0,-1,0]
2,000 p7 messages e r p3 p7 I_AM_ALIVE [-1,0,0,0,-1,-1,-1,0]
2,000 p0 messages P0: No tempo 2.0, ts = [0, 0, 0, -1, 0, -1, -1, -1]
2,000 p1 messages P1: No tempo 2.0, ts = [0, 0, -1, 0, -1, 0, -1, -1]
2,000 p2 messages P2: No tempo 2.0, ts = [0, 0, 0, 0, -1, -1, 0, -1]
2,000 p3 messages P3: No tempo 2.0, ts = [0, 0, 0, 0, -1, -1, -1, 0]
2,000 p4 messages P4: No tempo 2.0, ts = [0, 0, 0, -1, 0, 0, 0, -1]
2,000 p5 messages P5: No tempo 2.0, ts = [0, 0, -1, 0, 0, 0, -1, 0]
2,000 p6 messages P6: No tempo 2.0, ts = [0, -1, 0, 0, 0, 0, 0, 0]
2,000 p7 messages P7: No tempo 2.0, ts = [-1, 0, 0, 0, 0, 0, 0, 0]
3,000 p0 messages e s p0 p1 ARE_YOU_ALIVE null
3,000 p0 messages e s p0 p2 ARE_YOU_ALIVE null
3,000 p0 messages e s p0 p4 ARE_YOU_ALIVE null
3,000 p1 messages e s p1 p0 ARE_YOU_ALIVE null
3,000 p1 messages e s p1 p3 ARE_YOU_ALIVE null
3,000 p1 messages e s p1 p5 ARE_YOU_ALIVE null
3,000 p2 messages e s p2 p3 ARE_YOU_ALIVE null
3,000 p2 messages e s p2 p0 ARE_YOU_ALIVE null
3,000 p2 messages e s p2 p6 ARE_YOU_ALIVE null
3,000 p3 messages e s p3 p2 ARE_YOU_ALIVE null
3,000 p3 messages e s p3 p1 ARE_YOU_ALIVE null
3,000 p3 messages e s p3 p7 ARE_YOU_ALIVE null
3,000 p4 messages e s p4 p5 ARE_YOU_ALIVE null
3,000 p4 messages e s p4 p6 ARE_YOU_ALIVE null
3,000 p4 messages e s p4 p0 ARE_YOU_ALIVE null
3,000 p5 messages e s p5 p4 ARE_YOU_ALIVE null
3,000 p5 messages e s p5 p7 ARE_YOU_ALIVE null
3,000 p5 messages e s p5 p1 ARE_YOU_ALIVE null
3,000 p6 messages e s p6 p7 ARE_YOU_ALIVE null
3,000 p6 messages e s p6 p4 ARE_YOU_ALIVE null
3,000 p6 messages e s p6 p2 ARE_YOU_ALIVE null
3,000 p7 messages e s p7 p6 ARE_YOU_ALIVE null
3,000 p7 messages e s p7 p5 ARE_YOU_ALIVE null
3,000 p7 messages e s p7 p3 ARE_YOU_ALIVE null
4,000 p1 messages e r p0 p1 ARE_YOU_ALIVE null
4,000 p1 messages e s p1 p0 I_AM_ALIVE [0,0,-1,0,-1,0,-1,-1]
4,000 p2 messages e r p0 p2 ARE_YOU_ALIVE null
4,000 p2 messages e s p2 p0 I_AM_ALIVE [0,0,0,0,-1,-1,0,-1]
4,000 p4 messages e r p0 p4 ARE_YOU_ALIVE null
4,000 p4 messages e s p4 p0 I_AM_ALIVE [0,0,0,-1,0,0,0,-1]
4,000 p0 messages e r p1 p0 ARE_YOU_ALIVE null
4,000 p0 messages e s p0 p1 I_AM_ALIVE [0,0,0,-1,0,-1,-1,-1]
4,000 p3 messages e r p1 p3 ARE_YOU_ALIVE null
4,000 p3 messages e s p3 p1 I_AM_ALIVE [0,0,0,0,-1,-1,-1,0]
4,000 p5 messages e r p1 p5 ARE_YOU_ALIVE null
4,000 p5 messages e s p5 p1 I_AM_ALIVE [0,0,-1,0,0,0,-1,0]
4,000 p3 messages e r p2 p3 ARE_YOU_ALIVE null
4,000 p3 messages e s p3 p2 I_AM_ALIVE [0,0,0,0,-1,-1,-1,0]
4,000 p0 messages e r p2 p0 ARE_YOU_ALIVE null
4,000 p0 messages e s p0 p2 I_AM_ALIVE [0,0,0,-1,0,-1,-1,-1]
4,000 p6 messages e r p2 p6 ARE_YOU_ALIVE null
4,000 p6 messages e s p6 p2 I_AM_ALIVE [0,-1,0,0,0,0,0,0]
4,000 p2 messages e r p3 p2 ARE_YOU_ALIVE null
4,000 p2 messages e s p2 p3 I_AM_ALIVE [0,0,0,0,-1,-1,0,-1]
4,000 p1 messages e r p3 p1 ARE_YOU_ALIVE null
4,000 p1 messages e s p1 p3 I_AM_ALIVE [0,0,-1,0,-1,0,-1,-1]
4,000 p7 messages e r p3 p7 ARE_YOU_ALIVE null
4,000 p7 messages e s p7 p3 I_AM_ALIVE [-1,0,0,0,0,0,0,0]
4,000 p5 messages e r p4 p5 ARE_YOU_ALIVE null
4,000 p5 messages e s p5 p4 I_AM_ALIVE [0,0,-1,0,0,0,-1,0]
4,000 p6 messages e r p4 p6 ARE_YOU_ALIVE null
4,000 p6 messages e s p6 p4 I_AM_ALIVE [0,-1,0,0,0,0,0,0]
4,000 p0 messages e r p4 p0 ARE_YOU_ALIVE null
4,000 p0 messages e s p0 p4 I_AM_ALIVE [0,0,0,-1,0,-1,-1,-1]
4,000 p4 messages e r p5 p4 ARE_YOU_ALIVE null
4,000 p4 messages e s p4 p5 I_AM_ALIVE [0,0,0,-1,0,0,0,-1]
4,000 p7 messages e r p5 p7 ARE_YOU_ALIVE null
4,000 p7 messages e s p7 p5 I_AM_ALIVE [-1,0,0,0,0,0,0,0]
4,000 p1 messages e r p5 p1 ARE_YOU_ALIVE null
4,000 p1 messages e s p1 p5 I_AM_ALIVE [0,0,-1,0,-1,0,-1,-1]
4,000 p7 messages e r p6 p7 ARE_YOU_ALIVE null
4,000 p7 messages e s p7 p6 I_AM_ALIVE [-1,0,0,0,0,0,0,0]
4,000 p4 messages e r p6 p4 ARE_YOU_ALIVE null
4,000 p4 messages e s p4 p6 I_AM_ALIVE [0,0,0,-1,0,0,0,-1]
4,000 p2 messages e r p6 p2 ARE_YOU_ALIVE null
4,000 p2 messages e s p2 p6 I_AM_ALIVE [0,0,0,0,-1,-1,0,-1]
4,000 p6 messages e r p7 p6 ARE_YOU_ALIVE null
4,000 p6 messages e s p6 p7 I_AM_ALIVE [0,-1,0,0,0,0,0,0]
4,000 p5 messages e r p7 p5 ARE_YOU_ALIVE null
4,000 p5 messages e s p5 p7 I_AM_ALIVE [0,0,-1,0,0,0,-1,0]
4,000 p3 messages e r p7 p3 ARE_YOU_ALIVE null
4,000 p3 messages e s p3 p7 I_AM_ALIVE [0,0,0,0,-1,-1,-1,0]
5,000 p0 messages e r p1 p0 I_AM_ALIVE [0,0,-1,0,-1,0,-1,-1]
5,000 p0 messages e r p2 p0 I_AM_ALIVE [0,0,0,0,-1,-1,0,-1]
5,000 p0 messages e r p4 p0 I_AM_ALIVE [0,0,0,-1,0,0,0,-1]
5,000 p1 messages e r p0 p1 I_AM_ALIVE [0,0,0,-1,0,-1,-1,-1]
5,000 p1 messages e r p3 p1 I_AM_ALIVE [0,0,0,0,-1,-1,-1,0]
5,000 p1 messages e r p5 p1 I_AM_ALIVE [0,0,-1,0,0,0,-1,0]
5,000 p2 messages e r p3 p2 I_AM_ALIVE [0,0,0,0,-1,-1,-1,0]
5,000 p2 messages e r p0 p2 I_AM_ALIVE [0,0,0,-1,0,-1,-1,-1]
5,000 p2 messages e r p6 p2 I_AM_ALIVE [0,-1,0,0,0,0,0,0]
5,000 p3 messages e r p2 p3 I_AM_ALIVE [0,0,0,0,-1,-1,0,-1]
5,000 p3 messages e r p1 p3 I_AM_ALIVE [0,0,-1,0,-1,0,-1,-1]
5,000 p3 messages e r p7 p3 I_AM_ALIVE [-1,0,0,0,0,0,0,0]
5,000 p4 messages e r p5 p4 I_AM_ALIVE [0,0,-1,0,0,0,-1,0]
5,000 p4 messages e r p6 p4 I_AM_ALIVE [0,-1,0,0,0,0,0,0]
5,000 p4 messages e r p0 p4 I_AM_ALIVE [0,0,0,-1,0,-1,-1,-1]
5,000 p5 messages e r p4 p5 I_AM_ALIVE [0,0,0,-1,0,0,0,-1]
5,000 p5 messages e r p7 p5 I_AM_ALIVE [-1,0,0,0,0,0,0,0]
5,000 p5 messages e r p1 p5 I_AM_ALIVE [0,0,-1,0,-1,0,-1,-1]
5,000 p6 messages e r p7 p6 I_AM_ALIVE [-1,0,0,0,0,0,0,0]
5,000 p6 messages e r p4 p6 I_AM_ALIVE [0,0,0,-1,0,0,0,-1]
5,000 p6 messages e r p2 p6 I_AM_ALIVE [0,0,0,0,-1,-1,0,-1]
5,000 p7 messages e r p6 p7 I_AM_ALIVE [0,-1,0,0,0,0,0,0]
5,000 p7 messages e r p5 p7 I_AM_ALIVE [0,0,-1,0,0,0,-1,0]
5,000 p7 messages e r p3 p7 I_AM_ALIVE [0,0,0,0,-1,-1,-1,0]
5,000 p0 messages P0: No tempo 5.0, ts = [0, 0, 0, 0, 0, 0, 0, -1]
5,000 p1 messages P1: No tempo 5.0, ts = [0, 0, 0, 0, 0, 0, -1, 0]
5,000 p2 messages P2: No tempo 5.0, ts = [0, 0, 0, 0, 0, 0, 0, 0]
5,000 p3 messages P3: No tempo 5.0, ts = [0, 0, 0, 0, 0, 0, 0, 0]
5,000 p4 messages P4: No tempo 5.0, ts = [0, 0, 0, 0, 0, 0, 0, 0]
5,000 p5 messages P5: No tempo 5.0, ts = [0, 0, 0, 0, 0, 0, 0, 0]
5,000 p6 messages P6: No tempo 5.0, ts = [0, 0, 0, 0, 0, 0, 0, 0]
5,000 p7 messages P7: No tempo 5.0, ts = [0, 0, 0, 0, 0, 0, 0, 0]
6,000 p0 messages e s p0 p1 ARE_YOU_ALIVE null
6,000 p0 messages e s p0 p2 ARE_YOU_ALIVE null
6,000 p0 messages e s p0 p4 ARE_YOU_ALIVE null
6,000 p1 messages e s p1 p0 ARE_YOU_ALIVE null
6,000 p1 messages e s p1 p3 ARE_YOU_ALIVE null
6,000 p1 messages e s p1 p5 ARE_YOU_ALIVE null
6,000 p2 messages e s p2 p3 ARE_YOU_ALIVE null
6,000 p2 messages e s p2 p0 ARE_YOU_ALIVE null
6,000 p2 messages e s p2 p6 ARE_YOU_ALIVE null
6,000 p3 messages e s p3 p2 ARE_YOU_ALIVE null
6,000 p3 messages e s p3 p1 ARE_YOU_ALIVE null
6,000 p3 messages e s p3 p7 ARE_YOU_ALIVE null
6,000 p4 messages e s p4 p5 ARE_YOU_ALIVE null
6,000 p4 messages e s p4 p6 ARE_YOU_ALIVE null
6,000 p4 messages e s p4 p0 ARE_YOU_ALIVE null
6,000 p5 messages e s p5 p4 ARE_YOU_ALIVE null
6,000 p5 messages e s p5 p7 ARE_YOU_ALIVE null
6,000 p5 messages e s p5 p1 ARE_YOU_ALIVE null
6,000 p6 messages e s p6 p7 ARE_YOU_ALIVE null
6,000 p6 messages e s p6 p4 ARE_YOU_ALIVE null
6,000 p6 messages e s p6 p2 ARE_YOU_ALIVE null
6,000 p7 messages e s p7 p6 ARE_YOU_ALIVE null
6,000 p7 messages e s p7 p5 ARE_YOU_ALIVE null
6,000 p7 messages e s p7 p3 ARE_YOU_ALIVE null
7,000 p1 messages e r p0 p1 ARE_YOU_ALIVE null
7,000 p1 messages e s p1 p0 I_AM_ALIVE [0,0,0,0,0,0,-1,0]
7,000 p2 messages e r p0 p2 ARE_YOU_ALIVE null
7,000 p2 messages e s p2 p0 I_AM_ALIVE [0,0,0,0,0,0,0,0]
7,000 p4 messages e r p0 p4 ARE_YOU_ALIVE null
7,000 p4 messages e s p4 p0 I_AM_ALIVE [0,0,0,0,0,0,0,0]
7,000 p0 messages e r p1 p0 ARE_YOU_ALIVE null
7,000 p0 messages e s p0 p1 I_AM_ALIVE [0,0,0,0,0,0,0,-1]
7,000 p3 messages e r p1 p3 ARE_YOU_ALIVE null
7,000 p3 messages e s p3 p1 I_AM_ALIVE [0,0,0,0,0,0,0,0]
7,000 p5 messages e r p1 p5 ARE_YOU_ALIVE null
7,000 p5 messages e s p5 p1 I_AM_ALIVE [0,0,0,0,0,0,0,0]
7,000 p3 messages e r p2 p3 ARE_YOU_ALIVE null
7,000 p3 messages e s p3 p2 I_AM_ALIVE [0,0,0,0,0,0,0,0]
7,000 p0 messages e r p2 p0 ARE_YOU_ALIVE null
7,000 p0 messages e s p0 p2 I_AM_ALIVE [0,0,0,0,0,0,0,-1]
7,000 p6 messages e r p2 p6 ARE_YOU_ALIVE null
7,000 p6 messages e s p6 p2 I_AM_ALIVE [0,0,0,0,0,0,0,0]
7,000 p2 messages e r p3 p2 ARE_YOU_ALIVE null
7,000 p2 messages e s p2 p3 I_AM_ALIVE [0,0,0,0,0,0,0,0]
7,000 p1 messages e r p3 p1 ARE_YOU_ALIVE null
7,000 p1 messages e s p1 p3 I_AM_ALIVE [0,0,0,0,0,0,-1,0]
7,000 p7 messages e r p3 p7 ARE_YOU_ALIVE null
7,000 p7 messages e s p7 p3 I_AM_ALIVE [0,0,0,0,0,0,0,0]
7,000 p5 messages e r p4 p5 ARE_YOU_ALIVE null
7,000 p5 messages e s p5 p4 I_AM_ALIVE [0,0,0,0,0,0,0,0]
7,000 p6 messages e r p4 p6 ARE_YOU_ALIVE null
7,000 p6 messages e s p6 p4 I_AM_ALIVE [0,0,0,0,0,0,0,0]
7,000 p0 messages e r p4 p0 ARE_YOU_ALIVE null
7,000 p0 messages e s p0 p4 I_AM_ALIVE [0,0,0,0,0,0,0,-1]
7,000 p4 messages e r p5 p4 ARE_YOU_ALIVE null
7,000 p4 messages e s p4 p5 I_AM_ALIVE [0,0,0,0,0,0,0,0]
7,000 p7 messages e r p5 p7 ARE_YOU_ALIVE null
7,000 p7 messages e s p7 p5 I_AM_ALIVE [0,0,0,0,0,0,0,0]
7,000 p1 messages e r p5 p1 ARE_YOU_ALIVE null
7,000 p1 messages e s p1 p5 I_AM_ALIVE [0,0,0,0,0,0,-1,0]
7,000 p7 messages e r p6 p7 ARE_YOU_ALIVE null
7,000 p7 messages e s p7 p6 I_AM_ALIVE [0,0,0,0,0,0,0,0]
7,000 p4 messages e r p6 p4 ARE_YOU_ALIVE null
7,000 p4 messages e s p4 p6 I_AM_ALIVE [0,0,0,0,0,0,0,0]
7,000 p2 messages e r p6 p2 ARE_YOU_ALIVE null
7,000 p2 messages e s p2 p6 I_AM_ALIVE [0,0,0,0,0,0,0,0]
7,000 p6 messages e r p7 p6 ARE_YOU_ALIVE null
7,000 p6 messages e s p6 p7 I_AM_ALIVE [0,0,0,0,0,0,0,0]
7,000 p5 messages e r p7 p5 ARE_YOU_ALIVE null
7,000 p5 messages e s p5 p7 I_AM_ALIVE [0,0,0,0,0,0,0,0]
7,000 p3 messages e r p7 p3 ARE_YOU_ALIVE null
7,000 p3 messages e s p3 p7 I_AM_ALIVE [0,0,0,0,0,0,0,0]
8,000 p0 messages e r p1 p0 I_AM_ALIVE [0,0,0,0,0,0,-1,0]
8,000 p0 messages e r p2 p0 I_AM_ALIVE [0,0,0,0,0,0,0,0]
8,000 p0 messages e r p4 p0 I_AM_ALIVE [0,0,0,0,0,0,0,0]
8,000 p1 messages e r p0 p1 I_AM_ALIVE [0,0,0,0,0,0,0,-1]
8,000 p1 messages e r p3 p1 I_AM_ALIVE [0,0,0,0,0,0,0,0]
8,000 p1 messages e r p5 p1 I_AM_ALIVE [0,0,0,0,0,0,0,0]
8,000 p2 messages e r p3 p2 I_AM_ALIVE [0,0,0,0,0,0,0,0]
8,000 p2 messages e r p0 p2 I_AM_ALIVE [0,0,0,0,0,0,0,-1]
8,000 p2 messages e r p6 p2 I_AM_ALIVE [0,0,0,0,0,0,0,0]
8,000 p3 messages e r p2 p3 I_AM_ALIVE [0,0,0,0,0,0,0,0]
8,000 p3 messages e r p1 p3 I_AM_ALIVE [0,0,0,0,0,0,-1,0]
8,000 p3 messages e r p7 p3 I_AM_ALIVE [0,0,0,0,0,0,0,0]
8,000 p4 messages e r p5 p4 I_AM_ALIVE [0,0,0,0,0,0,0,0]
8,000 p4 messages e r p6 p4 I_AM_ALIVE [0,0,0,0,0,0,0,0]
8,000 p4 messages e r p0 p4 I_AM_ALIVE [0,0,0,0,0,0,0,-1]
8,000 p5 messages e r p4 p5 I_AM_ALIVE [0,0,0,0,0,0,0,0]
8,000 p5 messages e r p7 p5 I_AM_ALIVE [0,0,0,0,0,0,0,0]
8,000 p5 messages e r p1 p5 I_AM_ALIVE [0,0,0,0,0,0,-1,0]
8,000 p6 messages e r p7 p6 I_AM_ALIVE [0,0,0,0,0,0,0,0]
8,000 p6 messages e r p4 p6 I_AM_ALIVE [0,0,0,0,0,0,0,0]
8,000 p6 messages e r p2 p6 I_AM_ALIVE [0,0,0,0,0,0,0,0]
8,000 p7 messages e r p6 p7 I_AM_ALIVE [0,0,0,0,0,0,0,0]
8,000 p7 messages e r p5 p7 I_AM_ALIVE [0,0,0,0,0,0,0,0]
8,000 p7 messages e r p3 p7 I_AM_ALIVE [0,0,0,0,0,0,0,0]
8,000 p0 messages P0: No tempo 8.0, ts = [0, 0, 0, 0, 0, 0, 0, 0]
8,000 p1 messages P1: No tempo 8.0, ts = [0, 0, 0, 0, 0, 0, 0, 0]
8,000 p2 messages P2: No tempo 8.0, ts = [0, 0, 0, 0, 0, 0, 0, 0]
8,000 p3 messages P3: No tempo 8.0, ts = [0, 0, 0, 0, 0, 0, 0, 0]
8,000 p4 messages P4: No tempo 8.0, ts = [0, 0, 0, 0, 0, 0, 0, 0]
8,000 p5 messages P5: No tempo 8.0, ts = [0, 0, 0, 0, 0, 0, 0, 0]
8,000 p6 messages P6: No tempo 8.0, ts = [0, 0, 0, 0, 0, 0, 0, 0]
8,000 p7 messages P7: No tempo 8.0, ts = [0, 0, 0, 0, 0, 0, 0, 0]
9,000 p0 messages e s p0 p1 ARE_YOU_ALIVE null
9,000 p0 messages e s p0 p2 ARE_YOU_ALIVE null
9,000 p0 messages e s p0 p4 ARE_YOU_ALIVE null
9,000 p1 messages e s p1 p0 ARE_YOU_ALIVE null
9,000 p1 messages e s p1 p3 ARE_YOU_ALIVE null
9,000 p1 messages e s p1 p5 ARE_YOU_ALIVE null
9,000 p2 messages e s p2 p3 ARE_YOU_ALIVE null
9,000 p2 messages e s p2 p0 ARE_YOU_ALIVE null
9,000 p2 messages e s p2 p6 ARE_YOU_ALIVE null
9,000 p3 messages e s p3 p2 ARE_YOU_ALIVE null
9,000 p3 messages e s p3 p1 ARE_YOU_ALIVE null
9,000 p3 messages e s p3 p7 ARE_YOU_ALIVE null
9,000 p4 messages e s p4 p5 ARE_YOU_ALIVE null
9,000 p4 messages e s p4 p6 ARE_YOU_ALIVE null
9,000 p4 messages e s p4 p0 ARE_YOU_ALIVE null
9,000 p5 messages e s p5 p4 ARE_YOU_ALIVE null
9,000 p5 messages e s p5 p7 ARE_YOU_ALIVE null
9,000 p5 messages e s p5 p1 ARE_YOU_ALIVE null
9,000 p6 messages e s p6 p7 ARE_YOU_ALIVE null
9,000 p6 messages e s p6 p4 ARE_YOU_ALIVE null
9,000 p6 messages e s p6 p2 ARE_YOU_ALIVE null
9,000 p7 messages e s p7 p6 ARE_YOU_ALIVE null
9,000 p7 messages e s p7 p5 ARE_YOU_ALIVE null
9,000 p7 messages e s p7 p3 ARE_YOU_ALIVE null
10,000 p1 messages e r p0 p1 ARE_YOU_ALIVE null
10,000 p1 messages e s p1 p0 I_AM_ALIVE [0,0,0,0,0,0,0,0]
10,000 p2 messages e r p0 p2 ARE_YOU_ALIVE null
10,000 p2 messages e s p2 p0 I_AM_ALIVE [0,0,0,0,0,0,0,0]
10,000 p4 messages e r p0 p4 ARE_YOU_ALIVE null
10,000 p4 messages e s p4 p0 I_AM_ALIVE [0,0,0,0,0,0,0,0]
10,000 p0 messages e r p1 p0 ARE_YOU_ALIVE null
10,000 p0 messages e s p0 p1 I_AM_ALIVE [0,0,0,0,0,0,0,0]
10,000 p3 messages e r p1 p3 ARE_YOU_ALIVE null
10,000 p3 messages e s p3 p1 I_AM_ALIVE [0,0,0,0,0,0,0,0]
10,000 p5 messages e r p1 p5 ARE_YOU_ALIVE null
10,000 p5 messages e s p5 p1 I_AM_ALIVE [0,0,0,0,0,0,0,0]
10,000 p3 messages e r p2 p3 ARE_YOU_ALIVE null
10,000 p3 messages e s p3 p2 I_AM_ALIVE [0,0,0,0,0,0,0,0]
10,000 p0 messages e r p2 p0 ARE_YOU_ALIVE null
10,000 p0 messages e s p0 p2 I_AM_ALIVE [0,0,0,0,0,0,0,0]
10,000 p6 messages e r p2 p6 ARE_YOU_ALIVE null
10,000 p6 messages e s p6 p2 I_AM_ALIVE [0,0,0,0,0,0,0,0]
10,000 p2 messages e r p3 p2 ARE_YOU_ALIVE null
10,000 p2 messages e s p2 p3 I_AM_ALIVE [0,0,0,0,0,0,0,0]
10,000 p1 messages e r p3 p1 ARE_YOU_ALIVE null
10,000 p1 messages e s p1 p3 I_AM_ALIVE [0,0,0,0,0,0,0,0]
10,000 p7 messages e r p3 p7 ARE_YOU_ALIVE null
10,000 p7 messages e s p7 p3 I_AM_ALIVE [0,0,0,0,0,0,0,0]
10,000 p5 messages e r p4 p5 ARE_YOU_ALIVE null
10,000 p5 messages e s p5 p4 I_AM_ALIVE [0,0,0,0,0,0,0,0]
10,000 p6 messages e r p4 p6 ARE_YOU_ALIVE null
10,000 p6 messages e s p6 p4 I_AM_ALIVE [0,0,0,0,0,0,0,0]
10,000 p0 messages e r p4 p0 ARE_YOU_ALIVE null
10,000 p0 messages e s p0 p4 I_AM_ALIVE [0,0,0,0,0,0,0,0]
10,000 p4 messages e r p5 p4 ARE_YOU_ALIVE null
10,000 p4 messages e s p4 p5 I_AM_ALIVE [0,0,0,0,0,0,0,0]
10,000 p7 messages e r p5 p7 ARE_YOU_ALIVE null
10,000 p7 messages e s p7 p5 I_AM_ALIVE [0,0,0,0,0,0,0,0]
10,000 p1 messages e r p5 p1 ARE_YOU_ALIVE null
10,000 p1 messages e s p1 p5 I_AM_ALIVE [0,0,0,0,0,0,0,0]
10,000 p7 messages e r p6 p7 ARE_YOU_ALIVE null
10,000 p7 messages e s p7 p6 I_AM_ALIVE [0,0,0,0,0,0,0,0]
10,000 p4 messages e r p6 p4 ARE_YOU_ALIVE null
10,000 p4 messages e s p4 p6 I_AM_ALIVE [0,0,0,0,0,0,0,0]
10,000 p2 messages e r p6 p2 ARE_YOU_ALIVE null
10,000 p2 messages e s p2 p6 I_AM_ALIVE [0,0,0,0,0,0,0,0]
10,000 p6 messages e r p7 p6 ARE_YOU_ALIVE null
10,000 p6 messages e s p6 p7 I_AM_ALIVE [0,0,0,0,0,0,0,0]
10,000 p5 messages e r p7 p5 ARE_YOU_ALIVE null
10,000 p5 messages e s p5 p7 I_AM_ALIVE [0,0,0,0,0,0,0,0]
10,000 p3 messages e r p7 p3 ARE_YOU_ALIVE null
10,000 p3 messages e s p3 p7 I_AM_ALIVE [0,0,0,0,0,0,0,0]
11,000 p0 messages e r p1 p0 I_AM_ALIVE [0,0,0,0,0,0,0,0]
11,000 p0 messages e r p2 p0 I_AM_ALIVE [0,0,0,0,0,0,0,0]
11,000 p0 messages e r p4 p0 I_AM_ALIVE [0,0,0,0,0,0,0,0]
11,000 p1 messages e r p0 p1 I_AM_ALIVE [0,0,0,0,0,0,0,0]
11,000 p1 messages e r p3 p1 I_AM_ALIVE [0,0,0,0,0,0,0,0]
11,000 p1 messages e r p5 p1 I_AM_ALIVE [0,0,0,0,0,0,0,0]
11,000 p2 messages e r p3 p2 I_AM_ALIVE [0,0,0,0,0,0,0,0]
11,000 p2 messages e r p0 p2 I_AM_ALIVE [0,0,0,0,0,0,0,0]
11,000 p2 messages e r p6 p2 I_AM_ALIVE [0,0,0,0,0,0,0,0]
11,000 p3 messages e r p2 p3 I_AM_ALIVE [0,0,0,0,0,0,0,0]
11,000 p3 messages e r p1 p3 I_AM_ALIVE [0,0,0,0,0,0,0,0]
11,000 p3 messages e r p7 p3 I_AM_ALIVE [0,0,0,0,0,0,0,0]
11,000 p4 messages e r p5 p4 I_AM_ALIVE [0,0,0,0,0,0,0,0]
11,000 p4 messages e r p6 p4 I_AM_ALIVE [0,0,0,0,0,0,0,0]
11,000 p4 messages e r p0 p4 I_AM_ALIVE [0,0,0,0,0,0,0,0]
11,000 p5 messages e r p4 p5 I_AM_ALIVE [0,0,0,0,0,0,0,0]
11,000 p5 messages e r p7 p5 I_AM_ALIVE [0,0,0,0,0,0,0,0]
11,000 p5 messages e r p1 p5 I_AM_ALIVE [0,0,0,0,0,0,0,0]
11,000 p6 messages e r p7 p6 I_AM_ALIVE [0,0,0,0,0,0,0,0]
11,000 p6 messages e r p4 p6 I_AM_ALIVE [0,0,0,0,0,0,0,0]
11,000 p6 messages e r p2 p6 I_AM_ALIVE [0,0,0,0,0,0,0,0]
11,000 p7 messages e r p6 p7 I_AM_ALIVE [0,0,0,0,0,0,0,0]
11,000 p7 messages e r p5 p7 I_AM_ALIVE [0,0,0,0,0,0,0,0]
11,000 p7 messages e r p3 p7 I_AM_ALIVE [0,0,0,0,0,0,0,0]
11,000 p0 messages P0: No tempo 11.0, ts = [0, 0, 0, 0, 0, 0, 0, 0]
11,000 p1 messages P1: No tempo 11.0, ts = [0, 0, 0, 0, 0, 0, 0, 0]
11,000 p2 messages P2: No tempo 11.0, ts = [0, 0, 0, 0, 0, 0, 0, 0]
11,000 p3 messages P3: No tempo 11.0, ts = [0, 0, 0, 0, 0, 0, 0, 0]
11,000 p4 messages P4: No tempo 11.0, ts = [0, 0, 0, 0, 0, 0, 0, 0]
11,000 p5 messages P5: No tempo 11.0, ts = [0, 0, 0, 0, 0, 0, 0, 0]
11,000 p6 messages P6: No tempo 11.0, ts = [0, 0, 0, 0, 0, 0, 0, 0]
11,000 p7 messages P7: No tempo 11.0, ts = [0, 0, 0, 0, 0, 0, 0, 0]
12,000 p0 messages e s p0 p1 ARE_YOU_ALIVE null
12,000 p0 messages e s p0 p2 ARE_YOU_ALIVE null
12,000 p0 messages e s p0 p4 ARE_YOU_ALIVE null
12,000 p1 messages e s p1 p0 ARE_YOU_ALIVE null
12,000 p1 messages e s p1 p3 ARE_YOU_ALIVE null
12,000 p1 messages e s p1 p5 ARE_YOU_ALIVE null
12,000 p2 messages e s p2 p3 ARE_YOU_ALIVE null
12,000 p2 messages e s p2 p0 ARE_YOU_ALIVE null
12,000 p2 messages e s p2 p6 ARE_YOU_ALIVE null
12,000 p3 messages e s p3 p2 ARE_YOU_ALIVE null
12,000 p3 messages e s p3 p1 ARE_YOU_ALIVE null
12,000 p3 messages e s p3 p7 ARE_YOU_ALIVE null
12,000 p4 messages e s p4 p5 ARE_YOU_ALIVE null
12,000 p4 messages e s p4 p6 ARE_YOU_ALIVE null
12,000 p4 messages e s p4 p0 ARE_YOU_ALIVE null
12,000 p5 messages e s p5 p4 ARE_YOU_ALIVE null
12,000 p5 messages e s p5 p7 ARE_YOU_ALIVE null
12,000 p5 messages e s p5 p1 ARE_YOU_ALIVE null
12,000 p6 messages e s p6 p7 ARE_YOU_ALIVE null
12,000 p6 messages e s p6 p4 ARE_YOU_ALIVE null
12,000 p6 messages e s p6 p2 ARE_YOU_ALIVE null
12,000 p7 messages e s p7 p6 ARE_YOU_ALIVE null
12,000 p7 messages e s p7 p5 ARE_YOU_ALIVE null
12,000 p7 messages e s p7 p3 ARE_YOU_ALIVE null
13,000 p1 messages e r p0 p1 ARE_YOU_ALIVE null
13,000 p1 messages e s p1 p0 I_AM_ALIVE [0,0,0,0,0,0,0,0]
13,000 p2 messages e r p0 p2 ARE_YOU_ALIVE null
13,000 p2 messages e s p2 p0 I_AM_ALIVE [0,0,0,0,0,0,0,0]
13,000 p4 messages e r p0 p4 ARE_YOU_ALIVE null
13,000 p4 messages e s p4 p0 I_AM_ALIVE [0,0,0,0,0,0,0,0]
13,000 p0 messages e r p1 p0 ARE_YOU_ALIVE null
13,000 p0 messages e s p0 p1 I_AM_ALIVE [0,0,0,0,0,0,0,0]
13,000 p3 messages e r p1 p3 ARE_YOU_ALIVE null
13,000 p3 messages e s p3 p1 I_AM_ALIVE [0,0,0,0,0,0,0,0]
13,000 p5 messages e r p1 p5 ARE_YOU_ALIVE null
13,000 p5 messages e s p5 p1 I_AM_ALIVE [0,0,0,0,0,0,0,0]
13,000 p3 messages e r p2 p3 ARE_YOU_ALIVE null
13,000 p3 messages e s p3 p2 I_AM_ALIVE [0,0,0,0,0,0,0,0]
13,000 p0 messages e r p2 p0 ARE_YOU_ALIVE null
13,000 p0 messages e s p0 p2 I_AM_ALIVE [0,0,0,0,0,0,0,0]
13,000 p6 messages e r p2 p6 ARE_YOU_ALIVE null
13,000 p6 messages e s p6 p2 I_AM_ALIVE [0,0,0,0,0,0,0,0]
13,000 p2 messages e r p3 p2 ARE_YOU_ALIVE null
13,000 p2 messages e s p2 p3 I_AM_ALIVE [0,0,0,0,0,0,0,0]
13,000 p1 messages e r p3 p1 ARE_YOU_ALIVE null
13,000 p1 messages e s p1 p3 I_AM_ALIVE [0,0,0,0,0,0,0,0]
13,000 p7 messages e r p3 p7 ARE_YOU_ALIVE null
13,000 p7 messages e s p7 p3 I_AM_ALIVE [0,0,0,0,0,0,0,0]
13,000 p5 messages e r p4 p5 ARE_YOU_ALIVE null
13,000 p5 messages e s p5 p4 I_AM_ALIVE [0,0,0,0,0,0,0,0]
13,000 p6 messages e r p4 p6 ARE_YOU_ALIVE null
13,000 p6 messages e s p6 p4 I_AM_ALIVE [0,0,0,0,0,0,0,0]
13,000 p0 messages e r p4 p0 ARE_YOU_ALIVE null
13,000 p0 messages e s p0 p4 I_AM_ALIVE [0,0,0,0,0,0,0,0]
13,000 p4 messages e r p5 p4 ARE_YOU_ALIVE null
13,000 p4 messages e s p4 p5 I_AM_ALIVE [0,0,0,0,0,0,0,0]
13,000 p7 messages e r p5 p7 ARE_YOU_ALIVE null
13,000 p7 messages e s p7 p5 I_AM_ALIVE [0,0,0,0,0,0,0,0]
13,000 p1 messages e r p5 p1 ARE_YOU_ALIVE null
13,000 p1 messages e s p1 p5 I_AM_ALIVE [0,0,0,0,0,0,0,0]
13,000 p7 messages e r p6 p7 ARE_YOU_ALIVE null
13,000 p7 messages e s p7 p6 I_AM_ALIVE [0,0,0,0,0,0,0,0]
13,000 p4 messages e r p6 p4 ARE_YOU_ALIVE null
13,000 p4 messages e s p4 p6 I_AM_ALIVE [0,0,0,0,0,0,0,0]
13,000 p2 messages e r p6 p2 ARE_YOU_ALIVE null
13,000 p2 messages e s p2 p6 I_AM_ALIVE [0,0,0,0,0,0,0,0]
13,000 p6 messages e r p7 p6 ARE_YOU_ALIVE null
13,000 p6 messages e s p6 p7 I_AM_ALIVE [0,0,0,0,0,0,0,0]
13,000 p5 messages e r p7 p5 ARE_YOU_ALIVE null
13,000 p5 messages e s p5 p7 I_AM_ALIVE [0,0,0,0,0,0,0,0]
13,000 p3 messages e r p7 p3 ARE_YOU_ALIVE null
13,000 p3 messages e s p3 p7 I_AM_ALIVE [0,0,0,0,0,0,0,0]
14,000 p0 messages e r p1 p0 I_AM_ALIVE [0,0,0,0,0,0,0,0]
14,000 p0 messages e r p2 p0 I_AM_ALIVE [0,0,0,0,0,0,0,0]
14,000 p0 messages e r p4 p0 I_AM_ALIVE [0,0,0,0,0,0,0,0]
14,000 p1 messages e r p0 p1 I_AM_ALIVE [0,0,0,0,0,0,0,0]
14,000 p1 messages e r p3 p1 I_AM_ALIVE [0,0,0,0,0,0,0,0]
14,000 p1 messages e r p5 p1 I_AM_ALIVE [0,0,0,0,0,0,0,0]
14,000 p2 messages e r p3 p2 I_AM_ALIVE [0,0,0,0,0,0,0,0]
14,000 p2 messages e r p0 p2 I_AM_ALIVE [0,0,0,0,0,0,0,0]
14,000 p2 messages e r p6 p2 I_AM_ALIVE [0,0,0,0,0,0,0,0]
14,000 p3 messages e r p2 p3 I_AM_ALIVE [0,0,0,0,0,0,0,0]
14,000 p3 messages e r p1 p3 I_AM_ALIVE [0,0,0,0,0,0,0,0]
14,000 p3 messages e r p7 p3 I_AM_ALIVE [0,0,0,0,0,0,0,0]
14,000 p4 messages e r p5 p4 I_AM_ALIVE [0,0,0,0,0,0,0,0]
14,000 p4 messages e r p6 p4 I_AM_ALIVE [0,0,0,0,0,0,0,0]
14,000 p4 messages e r p0 p4 I_AM_ALIVE [0,0,0,0,0,0,0,0]
14,000 p5 messages e r p4 p5 I_AM_ALIVE [0,0,0,0,0,0,0,0]
14,000 p5 messages e r p7 p5 I_AM_ALIVE [0,0,0,0,0,0,0,0]
14,000 p5 messages e r p1 p5 I_AM_ALIVE [0,0,0,0,0,0,0,0]
14,000 p6 messages e r p7 p6 I_AM_ALIVE [0,0,0,0,0,0,0,0]
14,000 p6 messages e r p4 p6 I_AM_ALIVE [0,0,0,0,0,0,0,0]
14,000 p6 messages e r p2 p6 I_AM_ALIVE [0,0,0,0,0,0,0,0]
14,000 p7 messages e r p6 p7 I_AM_ALIVE [0,0,0,0,0,0,0,0]
14,000 p7 messages e r p5 p7 I_AM_ALIVE [0,0,0,0,0,0,0,0]
14,000 p7 messages e r p3 p7 I_AM_ALIVE [0,0,0,0,0,0,0,0]
14,000 p0 messages P0: No tempo 14.0, ts = [0, 0, 0, 0, 0, 0, 0, 0]
14,000 p1 messages P1: No tempo 14.0, ts = [0, 0, 0, 0, 0, 0, 0, 0]
14,000 p2 messages P2: No tempo 14.0, ts = [0, 0, 0, 0, 0, 0, 0, 0]
14,000 p3 messages P3: No tempo 14.0, ts = [0, 0, 0, 0, 0, 0, 0, 0]
14,000 p4 messages P4: No tempo 14.0, ts = [0, 0, 0, 0, 0, 0, 0, 0]
14,000 p5 messages P5: No tempo 14.0, ts = [0, 0, 0, 0, 0, 0, 0, 0]
14,000 p6 messages P6: No tempo 14.0, ts = [0, 0, 0, 0, 0, 0, 0, 0]
14,000 p7 messages P7: No tempo 14.0, ts = [0, 0, 0, 0, 0, 0, 0, 0]
15,000 p0 messages e s p0 p1 ARE_YOU_ALIVE null
15,000 p0 messages e s p0 p2 ARE_YOU_ALIVE null
15,000 p0 messages e s p0 p4 ARE_YOU_ALIVE null
15,000 p1 messages e s p1 p0 ARE_YOU_ALIVE null
15,000 p1 messages e s p1 p3 ARE_YOU_ALIVE null
15,000 p1 messages e s p1 p5 ARE_YOU_ALIVE null
15,000 p2 messages e s p2 p3 ARE_YOU_ALIVE null
15,000 p2 messages e s p2 p0 ARE_YOU_ALIVE null
15,000 p2 messages e s p2 p6 ARE_YOU_ALIVE null
15,000 p3 messages e s p3 p2 ARE_YOU_ALIVE null
15,000 p3 messages e s p3 p1 ARE_YOU_ALIVE null
15,000 p3 messages e s p3 p7 ARE_YOU_ALIVE null
15,000 p4 messages e s p4 p5 ARE_YOU_ALIVE null
15,000 p4 messages e s p4 p6 ARE_YOU_ALIVE null
15,000 p4 messages e s p4 p0 ARE_YOU_ALIVE null
15,000 p5 messages e s p5 p4 ARE_YOU_ALIVE null
15,000 p5 messages e s p5 p7 ARE_YOU_ALIVE null
15,000 p5 messages e s p5 p1 ARE_YOU_ALIVE null
15,000 p6 messages e s p6 p7 ARE_YOU_ALIVE null
15,000 p6 messages e s p6 p4 ARE_YOU_ALIVE null
15,000 p6 messages e s p6 p2 ARE_YOU_ALIVE null
15,000 p7 messages e s p7 p6 ARE_YOU_ALIVE null
15,000 p7 messages e s p7 p5 ARE_YOU_ALIVE null
15,000 p7 messages e s p7 p3 ARE_YOU_ALIVE null
16,000 p1 messages e r p0 p1 ARE_YOU_ALIVE null
16,000 p1 messages e s p1 p0 I_AM_ALIVE [0,0,0,0,0,0,0,0]
16,000 p2 messages e r p0 p2 ARE_YOU_ALIVE null
16,000 p2 messages e s p2 p0 I_AM_ALIVE [0,0,0,0,0,0,0,0]
16,000 p4 messages e r p0 p4 ARE_YOU_ALIVE null
16,000 p4 messages e s p4 p0 I_AM_ALIVE [0,0,0,0,0,0,0,0]
16,000 p0 messages e r p1 p0 ARE_YOU_ALIVE null
16,000 p0 messages e s p0 p1 I_AM_ALIVE [0,0,0,0,0,0,0,0]
16,000 p3 messages e r p1 p3 ARE_YOU_ALIVE null
16,000 p3 messages e s p3 p1 I_AM_ALIVE [0,0,0,0,0,0,0,0]
16,000 p5 messages e r p1 p5 ARE_YOU_ALIVE null
16,000 p5 messages e s p5 p1 I_AM_ALIVE [0,0,0,0,0,0,0,0]
16,000 p3 messages e r p2 p3 ARE_YOU_ALIVE null
16,000 p3 messages e s p3 p2 I_AM_ALIVE [0,0,0,0,0,0,0,0]
16,000 p0 messages e r p2 p0 ARE_YOU_ALIVE null
16,000 p0 messages e s p0 p2 I_AM_ALIVE [0,0,0,0,0,0,0,0]
16,000 p6 messages e r p2 p6 ARE_YOU_ALIVE null
16,000 p6 messages e s p6 p2 I_AM_ALIVE [0,0,0,0,0,0,0,0]
16,000 p2 messages e r p3 p2 ARE_YOU_ALIVE null
16,000 p2 messages e s p2 p3 I_AM_ALIVE [0,0,0,0,0,0,0,0]
16,000 p1 messages e r p3 p1 ARE_YOU_ALIVE null
16,000 p1 messages e s p1 p3 I_AM_ALIVE [0,0,0,0,0,0,0,0]
16,000 p7 messages e r p3 p7 ARE_YOU_ALIVE null
16,000 p7 messages e s p7 p3 I_AM_ALIVE [0,0,0,0,0,0,0,0]
16,000 p5 messages e r p4 p5 ARE_YOU_ALIVE null
16,000 p5 messages e s p5 p4 I_AM_ALIVE [0,0,0,0,0,0,0,0]
16,000 p6 messages e r p4 p6 ARE_YOU_ALIVE null
16,000 p6 messages e s p6 p4 I_AM_ALIVE [0,0,0,0,0,0,0,0]
16,000 p0 messages e r p4 p0 ARE_YOU_ALIVE null
16,000 p0 messages e s p0 p4 I_AM_ALIVE [0,0,0,0,0,0,0,0]
16,000 p4 messages e r p5 p4 ARE_YOU_ALIVE null
16,000 p4 messages e s p4 p5 I_AM_ALIVE [0,0,0,0,0,0,0,0]
16,000 p7 messages e r p5 p7 ARE_YOU_ALIVE null
16,000 p7 messages e s p7 p5 I_AM_ALIVE [0,0,0,0,0,0,0,0]
16,000 p1 messages e r p5 p1 ARE_YOU_ALIVE null
16,000 p1 messages e s p1 p5 I_AM_ALIVE [0,0,0,0,0,0,0,0]
16,000 p7 messages e r p6 p7 ARE_YOU_ALIVE null
16,000 p7 messages e s p7 p6 I_AM_ALIVE [0,0,0,0,0,0,0,0]
16,000 p4 messages e r p6 p4 ARE_YOU_ALIVE null
16,000 p4 messages e s p4 p6 I_AM_ALIVE [0,0,0,0,0,0,0,0]
16,000 p2 messages e r p6 p2 ARE_YOU_ALIVE null
16,000 p2 messages e s p2 p6 I_AM_ALIVE [0,0,0,0,0,0,0,0]
16,000 p6 messages e r p7 p6 ARE_YOU_ALIVE null
16,000 p6 messages e s p6 p7 I_AM_ALIVE [0,0,0,0,0,0,0,0]
16,000 p5 messages e r p7 p5 ARE_YOU_ALIVE null
16,000 p5 messages e s p5 p7 I_AM_ALIVE [0,0,0,0,0,0,0,0]
16,000 p3 messages e r p7 p3 ARE_YOU_ALIVE null
16,000 p3 messages e s p3 p7 I_AM_ALIVE [0,0,0,0,0,0,0,0]
17,000 p0 messages e r p1 p0 I_AM_ALIVE [0,0,0,0,0,0,0,0]
17,000 p0 messages e r p2 p0 I_AM_ALIVE [0,0,0,0,0,0,0,0]
17,000 p0 messages e r p4 p0 I_AM_ALIVE [0,0,0,0,0,0,0,0]
17,000 p1 messages e r p0 p1 I_AM_ALIVE [0,0,0,0,0,0,0,0]
17,000 p1 messages e r p3 p1 I_AM_ALIVE [0,0,0,0,0,0,0,0]
17,000 p1 messages e r p5 p1 I_AM_ALIVE [0,0,0,0,0,0,0,0]
17,000 p2 messages e r p3 p2 I_AM_ALIVE [0,0,0,0,0,0,0,0]
17,000 p2 messages e r p0 p2 I_AM_ALIVE [0,0,0,0,0,0,0,0]
17,000 p2 messages e r p6 p2 I_AM_ALIVE [0,0,0,0,0,0,0,0]
17,000 p3 messages e r p2 p3 I_AM_ALIVE [0,0,0,0,0,0,0,0]
17,000 p3 messages e r p1 p3 I_AM_ALIVE [0,0,0,0,0,0,0,0]
17,000 p3 messages e r p7 p3 I_AM_ALIVE [0,0,0,0,0,0,0,0]
17,000 p4 messages e r p5 p4 I_AM_ALIVE [0,0,0,0,0,0,0,0]
17,000 p4 messages e r p6 p4 I_AM_ALIVE [0,0,0,0,0,0,0,0]
17,000 p4 messages e r p0 p4 I_AM_ALIVE [0,0,0,0,0,0,0,0]
17,000 p5 messages e r p4 p5 I_AM_ALIVE [0,0,0,0,0,0,0,0]
17,000 p5 messages e r p7 p5 I_AM_ALIVE [0,0,0,0,0,0,0,0]
17,000 p5 messages e r p1 p5 I_AM_ALIVE [0,0,0,0,0,0,0,0]
17,000 p6 messages e r p7 p6 I_AM_ALIVE [0,0,0,0,0,0,0,0]
17,000 p6 messages e r p4 p6 I_AM_ALIVE [0,0,0,0,0,0,0,0]
17,000 p6 messages e r p2 p6 I_AM_ALIVE [0,0,0,0,0,0,0,0]
17,000 p7 messages e r p6 p7 I_AM_ALIVE [0,0,0,0,0,0,0,0]
17,000 p7 messages e r p5 p7 I_AM_ALIVE [0,0,0,0,0,0,0,0]
17,000 p7 messages e r p3 p7 I_AM_ALIVE [0,0,0,0,0,0,0,0]
17,000 p0 messages P0: No tempo 17.0, ts = [0, 0, 0, 0, 0, 0, 0, 0]
17,000 p1 messages P1: No tempo 17.0, ts = [0, 0, 0, 0, 0, 0, 0, 0]
17,000 p2 messages P2: No tempo 17.0, ts = [0, 0, 0, 0, 0, 0, 0, 0]
17,000 p3 messages P3: No tempo 17.0, ts = [0, 0, 0, 0, 0, 0, 0, 0]
17,000 p4 messages P4: No tempo 17.0, ts = [0, 0, 0, 0, 0, 0, 0, 0]
17,000 p5 messages P5: No tempo 17.0, ts = [0, 0, 0, 0, 0, 0, 0, 0]
17,000 p6 messages P6: No tempo 17.0, ts = [0, 0, 0, 0, 0, 0, 0, 0]
17,000 p7 messages P7: No tempo 17.0, ts = [0, 0, 0, 0, 0, 0, 0, 0]
18,000 p0 messages e s p0 p1 ARE_YOU_ALIVE null
18,000 p0 messages e s p0 p2 ARE_YOU_ALIVE null
18,000 p0 messages e s p0 p4 ARE_YOU_ALIVE null
18,000 p1 messages e s p1 p0 ARE_YOU_ALIVE null
18,000 p1 messages e s p1 p3 ARE_YOU_ALIVE null
18,000 p1 messages e s p1 p5 ARE_YOU_ALIVE null
18,000 p2 messages e s p2 p3 ARE_YOU_ALIVE null
18,000 p2 messages e s p2 p0 ARE_YOU_ALIVE null
18,000 p2 messages e s p2 p6 ARE_YOU_ALIVE null
18,000 p3 messages e s p3 p2 ARE_YOU_ALIVE null
18,000 p3 messages e s p3 p1 ARE_YOU_ALIVE null
18,000 p3 messages e s p3 p7 ARE_YOU_ALIVE null
18,000 p4 messages e s p4 p5 ARE_YOU_ALIVE null
18,000 p4 messages e s p4 p6 ARE_YOU_ALIVE null
18,000 p4 messages e s p4 p0 ARE_YOU_ALIVE null
18,000 p5 messages e s p5 p4 ARE_YOU_ALIVE null
18,000 p5 messages e s p5 p7 ARE_YOU_ALIVE null
18,000 p5 messages e s p5 p1 ARE_YOU_ALIVE null
18,000 p6 messages e s p6 p7 ARE_YOU_ALIVE null
18,000 p6 messages e s p6 p4 ARE_YOU_ALIVE null
18,000 p6 messages e s p6 p2 ARE_YOU_ALIVE null
18,000 p7 messages e s p7 p6 ARE_YOU_ALIVE null
18,000 p7 messages e s p7 p5 ARE_YOU_ALIVE null
18,000 p7 messages e s p7 p3 ARE_YOU_ALIVE null
19,000 p1 messages e r p0 p1 ARE_YOU_ALIVE null
19,000 p1 messages e s p1 p0 I_AM_ALIVE [0,0,0,0,0,0,0,0]
19,000 p2 messages e r p0 p2 ARE_YOU_ALIVE null
19,000 p2 messages e s p2 p0 I_AM_ALIVE [0,0,0,0,0,0,0,0]
19,000 p4 messages e r p0 p4 ARE_YOU_ALIVE null
19,000 p4 messages e s p4 p0 I_AM_ALIVE [0,0,0,0,0,0,0,0]
19,000 p0 messages e r p1 p0 ARE_YOU_ALIVE null
19,000 p0 messages e s p0 p1 I_AM_ALIVE [0,0,0,0,0,0,0,0]
19,000 p3 messages e r p1 p3 ARE_YOU_ALIVE null
19,000 p3 messages e s p3 p1 I_AM_ALIVE [0,0,0,0,0,0,0,0]
19,000 p5 messages e r p1 p5 ARE_YOU_ALIVE null
19,000 p5 messages e s p5 p1 I_AM_ALIVE [0,0,0,0,0,0,0,0]
19,000 p3 messages e r p2 p3 ARE_YOU_ALIVE null
19,000 p3 messages e s p3 p2 I_AM_ALIVE [0,0,0,0,0,0,0,0]
19,000 p0 messages e r p2 p0 ARE_YOU_ALIVE null
19,000 p0 messages e s p0 p2 I_AM_ALIVE [0,0,0,0,0,0,0,0]
19,000 p6 messages e r p2 p6 ARE_YOU_ALIVE null
19,000 p6 messages e s p6 p2 I_AM_ALIVE [0,0,0,0,0,0,0,0]
19,000 p2 messages e r p3 p2 ARE_YOU_ALIVE null
19,000 p2 messages e s p2 p3 I_AM_ALIVE [0,0,0,0,0,0,0,0]
19,000 p1 messages e r p3 p1 ARE_YOU_ALIVE null
19,000 p1 messages e s p1 p3 I_AM_ALIVE [0,0,0,0,0,0,0,0]
19,000 p7 messages e r p3 p7 ARE_YOU_ALIVE null
19,000 p7 messages e s p7 p3 I_AM_ALIVE [0,0,0,0,0,0,0,0]
19,000 p5 messages e r p4 p5 ARE_YOU_ALIVE null
19,000 p5 messages e s p5 p4 I_AM_ALIVE [0,0,0,0,0,0,0,0]
19,000 p6 messages e r p4 p6 ARE_YOU_ALIVE null
19,000 p6 messages e s p6 p4 I_AM_ALIVE [0,0,0,0,0,0,0,0]
19,000 p0 messages e r p4 p0 ARE_YOU_ALIVE null
19,000 p0 messages e s p0 p4 I_AM_ALIVE [0,0,0,0,0,0,0,0]
19,000 p4 messages e r p5 p4 ARE_YOU_ALIVE null
19,000 p4 messages e s p4 p5 I_AM_ALIVE [0,0,0,0,0,0,0,0]
19,000 p7 messages e r p5 p7 ARE_YOU_ALIVE null
19,000 p7 messages e s p7 p5 I_AM_ALIVE [0,0,0,0,0,0,0,0]
19,000 p1 messages e r p5 p1 ARE_YOU_ALIVE null
19,000 p1 messages e s p1 p5 I_AM_ALIVE [0,0,0,0,0,0,0,0]
19,000 p7 messages e r p6 p7 ARE_YOU_ALIVE null
19,000 p7 messages e s p7 p6 I_AM_ALIVE [0,0,0,0,0,0,0,0]
19,000 p4 messages e r p6 p4 ARE_YOU_ALIVE null
19,000 p4 messages e s p4 p6 I_AM_ALIVE [0,0,0,0,0,0,0,0]
19,000 p2 messages e r p6 p2 ARE_YOU_ALIVE null
19,000 p2 messages e s p2 p6 I_AM_ALIVE [0,0,0,0,0,0,0,0]
19,000 p6 messages e r p7 p6 ARE_YOU_ALIVE null
19,000 p6 messages e s p6 p7 I_AM_ALIVE [0,0,0,0,0,0,0,0]
19,000 p5 messages e r p7 p5 ARE_YOU_ALIVE null
19,000 p5 messages e s p5 p7 I_AM_ALIVE [0,0,0,0,0,0,0,0]
19,000 p3 messages e r p7 p3 ARE_YOU_ALIVE null
19,000 p3 messages e s p3 p7 I_AM_ALIVE [0,0,0,0,0,0,0,0]
20,000 p0 messages e r p1 p0 I_AM_ALIVE [0,0,0,0,0,0,0,0]
20,000 p0 messages e r p2 p0 I_AM_ALIVE [0,0,0,0,0,0,0,0]
20,000 p0 messages e r p4 p0 I_AM_ALIVE [0,0,0,0,0,0,0,0]
20,000 p1 messages e r p0 p1 I_AM_ALIVE [0,0,0,0,0,0,0,0]
20,000 p1 messages e r p3 p1 I_AM_ALIVE [0,0,0,0,0,0,0,0]
20,000 p1 messages e r p5 p1 I_AM_ALIVE [0,0,0,0,0,0,0,0]
20,000 p2 messages e r p3 p2 I_AM_ALIVE [0,0,0,0,0,0,0,0]
20,000 p2 messages e r p0 p2 I_AM_ALIVE [0,0,0,0,0,0,0,0]
20,000 p2 messages e r p6 p2 I_AM_ALIVE [0,0,0,0,0,0,0,0]
20,000 p3 messages e r p2 p3 I_AM_ALIVE [0,0,0,0,0,0,0,0]
20,000 p3 messages e r p1 p3 I_AM_ALIVE [0,0,0,0,0,0,0,0]
20,000 p3 messages e r p7 p3 I_AM_ALIVE [0,0,0,0,0,0,0,0]
20,000 p4 messages e r p5 p4 I_AM_ALIVE [0,0,0,0,0,0,0,0]
20,000 p4 messages e r p6 p4 I_AM_ALIVE [0,0,0,0,0,0,0,0]
20,000 p4 messages e r p0 p4 I_AM_ALIVE [0,0,0,0,0,0,0,0]
20,000 p5 messages e r p4 p5 I_AM_ALIVE [0,0,0,0,0,0,0,0]
20,000 p5 messages e r p7 p5 I_AM_ALIVE [0,0,0,0,0,0,0,0]
20,000 p5 messages e r p1 p5 I_AM_ALIVE [0,0,0,0,0,0,0,0]
20,000 p6 messages e r p7 p6 I_AM_ALIVE [0,0,0,0,0,0,0,0]
20,000 p6 messages e r p4 p6 I_AM_ALIVE [0,0,0,0,0,0,0,0]
20,000 p6 messages e r p2 p6 I_AM_ALIVE [0,0,0,0,0,0,0,0]
20,000 p7 messages e r p6 p7 I_AM_ALIVE [0,0,0,0,0,0,0,0]
20,000 p7 messages e r p5 p7 I_AM_ALIVE [0,0,0,0,0,0,0,0]
20,000 p7 messages e r p3 p7 I_AM_ALIVE [0,0,0,0,0,0,0,0]
20,000 p0 messages P0: No tempo 20.0, ts = [0, 0, 0, 0, 0, 0, 0, 0]
20,000 p1 messages P1: No tempo 20.0, ts = [0, 0, 0, 0, 0, 0, 0, 0]
20,000 p2 messages P2: No tempo 20.0, ts = [0, 0, 0, 0, 0, 0, 0, 0]
20,000 p3 messages P3: No tempo 20.0, ts = [0, 0, 0, 0, 0, 0, 0, 0]
20,000 p4 messages P4: No tempo 20.0, ts = [0, 0, 0, 0, 0, 0, 0, 0]
20,000 p5 messages P5: No tempo 20.0, ts = [0, 0, 0, 0, 0, 0, 0, 0]
20,000 p6 messages P6: No tempo 20.0, ts = [0, 0, 0, 0, 0, 0, 0, 0]
20,000 p7 messages P7: No tempo 20.0, ts = [0, 0, 0, 0, 0, 0, 0, 0]
